20-02-14 15:58:14.702 INFO akka.event.slf4j.Slf4jLogger - Slf4jLogger started
20-02-14 15:58:14.786 DEBUG o.s.t.roomManager.core.UserManager$ - RoomManager start...
20-02-14 15:58:14.794 INFO o.s.t.roomManager.core.RoomManager$ - akka://theia/user/roomManager setup
20-02-14 15:58:14.804 INFO o.s.t.roomManager.core.UserActor$ - userActor-100029 is starting...
20-02-14 15:58:14.805 DEBUG o.s.t.roomManager.core.RoomManager$ - akka://theia/user/roomManager ---===== None
20-02-14 15:58:14.816 DEBUG o.s.t.roomManager.core.RoomActor$ - akka://theia/user/roomManager/roomActor-1000029 setup
20-02-14 15:58:44.829 DEBUG o.s.t.roomManager.core.UserActor$ - akka://theia/user/userManager/userActor-100029-temp-false 测试房间的房主actor，不处理其他类型的消息msg=CompleteMsgClient
20-02-14 15:59:14.850 DEBUG o.s.t.roomManager.core.UserActor$ - akka://theia/user/userManager/userActor-100029-temp-false 测试房间的房主actor，不处理其他类型的消息msg=CompleteMsgClient
20-02-14 15:59:44.869 DEBUG o.s.t.roomManager.core.UserActor$ - akka://theia/user/userManager/userActor-100029-temp-false 测试房间的房主actor，不处理其他类型的消息msg=CompleteMsgClient
20-02-14 16:00:14.891 DEBUG o.s.t.roomManager.core.UserActor$ - akka://theia/user/userManager/userActor-100029-temp-false 测试房间的房主actor，不处理其他类型的消息msg=CompleteMsgClient
20-02-14 16:00:44.911 DEBUG o.s.t.roomManager.core.UserActor$ - akka://theia/user/userManager/userActor-100029-temp-false 测试房间的房主actor，不处理其他类型的消息msg=CompleteMsgClient
20-02-14 16:01:14.933 DEBUG o.s.t.roomManager.core.UserActor$ - akka://theia/user/userManager/userActor-100029-temp-false 测试房间的房主actor，不处理其他类型的消息msg=CompleteMsgClient
20-02-14 16:01:44.953 DEBUG o.s.t.roomManager.core.UserActor$ - akka://theia/user/userManager/userActor-100029-temp-false 测试房间的房主actor，不处理其他类型的消息msg=CompleteMsgClient
20-02-14 16:02:14.974 DEBUG o.s.t.roomManager.core.UserActor$ - akka://theia/user/userManager/userActor-100029-temp-false 测试房间的房主actor，不处理其他类型的消息msg=CompleteMsgClient
20-02-14 16:02:44.993 DEBUG o.s.t.roomManager.core.UserActor$ - akka://theia/user/userManager/userActor-100029-temp-false 测试房间的房主actor，不处理其他类型的消息msg=CompleteMsgClient
20-02-14 16:03:15.013 DEBUG o.s.t.roomManager.core.UserActor$ - akka://theia/user/userManager/userActor-100029-temp-false 测试房间的房主actor，不处理其他类型的消息msg=CompleteMsgClient
20-02-14 16:03:45.035 DEBUG o.s.t.roomManager.core.UserActor$ - akka://theia/user/userManager/userActor-100029-temp-false 测试房间的房主actor，不处理其他类型的消息msg=CompleteMsgClient
20-02-14 16:04:15.055 DEBUG o.s.t.roomManager.core.UserActor$ - akka://theia/user/userManager/userActor-100029-temp-false 测试房间的房主actor，不处理其他类型的消息msg=CompleteMsgClient
20-02-14 16:04:45.075 DEBUG o.s.t.roomManager.core.UserActor$ - akka://theia/user/userManager/userActor-100029-temp-false 测试房间的房主actor，不处理其他类型的消息msg=CompleteMsgClient
20-02-14 16:05:15.097 DEBUG o.s.t.roomManager.core.UserActor$ - akka://theia/user/userManager/userActor-100029-temp-false 测试房间的房主actor，不处理其他类型的消息msg=CompleteMsgClient
20-02-14 16:05:45.118 DEBUG o.s.t.roomManager.core.UserActor$ - akka://theia/user/userManager/userActor-100029-temp-false 测试房间的房主actor，不处理其他类型的消息msg=CompleteMsgClient
20-02-14 16:06:15.137 DEBUG o.s.t.roomManager.core.UserActor$ - akka://theia/user/userManager/userActor-100029-temp-false 测试房间的房主actor，不处理其他类型的消息msg=CompleteMsgClient
20-02-14 16:06:45.158 DEBUG o.s.t.roomManager.core.UserActor$ - akka://theia/user/userManager/userActor-100029-temp-false 测试房间的房主actor，不处理其他类型的消息msg=CompleteMsgClient
20-02-14 16:07:15.180 DEBUG o.s.t.roomManager.core.UserActor$ - akka://theia/user/userManager/userActor-100029-temp-false 测试房间的房主actor，不处理其他类型的消息msg=CompleteMsgClient
20-02-14 16:07:45.200 DEBUG o.s.t.roomManager.core.UserActor$ - akka://theia/user/userManager/userActor-100029-temp-false 测试房间的房主actor，不处理其他类型的消息msg=CompleteMsgClient
20-02-14 16:08:15.219 DEBUG o.s.t.roomManager.core.UserActor$ - akka://theia/user/userManager/userActor-100029-temp-false 测试房间的房主actor，不处理其他类型的消息msg=CompleteMsgClient
20-02-14 16:08:45.241 DEBUG o.s.t.roomManager.core.UserActor$ - akka://theia/user/userManager/userActor-100029-temp-false 测试房间的房主actor，不处理其他类型的消息msg=CompleteMsgClient
20-02-14 16:09:15.261 DEBUG o.s.t.roomManager.core.UserActor$ - akka://theia/user/userManager/userActor-100029-temp-false 测试房间的房主actor，不处理其他类型的消息msg=CompleteMsgClient
20-02-14 16:09:45.281 DEBUG o.s.t.roomManager.core.UserActor$ - akka://theia/user/userManager/userActor-100029-temp-false 测试房间的房主actor，不处理其他类型的消息msg=CompleteMsgClient
20-02-14 16:10:15.303 DEBUG o.s.t.roomManager.core.UserActor$ - akka://theia/user/userManager/userActor-100029-temp-false 测试房间的房主actor，不处理其他类型的消息msg=CompleteMsgClient
20-02-14 16:10:45.323 DEBUG o.s.t.roomManager.core.UserActor$ - akka://theia/user/userManager/userActor-100029-temp-false 测试房间的房主actor，不处理其他类型的消息msg=CompleteMsgClient
20-02-14 16:11:49.086 INFO akka.event.slf4j.Slf4jLogger - Slf4jLogger started
20-02-14 16:11:49.210 DEBUG o.s.t.roomManager.core.UserManager$ - RoomManager start...
20-02-14 16:11:49.225 INFO o.s.t.roomManager.core.RoomManager$ - akka://theia/user/roomManager setup
20-02-14 16:11:49.237 DEBUG o.s.t.roomManager.core.RoomManager$ - akka://theia/user/roomManager ---===== None
20-02-14 16:11:49.246 INFO o.s.t.roomManager.core.UserActor$ - userActor-100029 is starting...
20-02-14 16:11:49.249 DEBUG o.s.t.roomManager.core.RoomActor$ - akka://theia/user/roomManager/roomActor-1000029 setup
20-02-14 16:16:37.883 INFO akka.event.slf4j.Slf4jLogger - Slf4jLogger started
20-02-14 16:16:37.968 DEBUG o.s.t.roomManager.core.UserManager$ - RoomManager start...
20-02-14 16:16:37.978 INFO o.s.t.roomManager.core.RoomManager$ - akka://theia/user/roomManager setup
20-02-14 16:16:37.990 DEBUG o.s.t.roomManager.core.RoomManager$ - akka://theia/user/roomManager ---===== None
20-02-14 16:16:37.994 INFO o.s.t.roomManager.core.UserActor$ - userActor-100029 is starting...
20-02-14 16:16:38.000 DEBUG o.s.t.roomManager.core.RoomActor$ - akka://theia/user/roomManager/roomActor-1000029 setup
20-02-14 16:16:57.059 WARN slick.util.AsyncExecutor - Having maxConnection > maxThreads can result in deadlocks if transactions or database locks are used.
20-02-14 16:16:57.307 INFO com.zaxxer.hikari.HikariDataSource - HikariPool-1 - Starting...
20-02-14 16:16:57.447 INFO com.zaxxer.hikari.HikariDataSource - HikariPool-1 - Start completed.
20-02-14 16:16:57.475 ERROR o.s.t.roomManager.http.ServiceUtils$ - internal error: Table "USER_INFO" not found; SQL statement:
select "UID", "USER_NAME", "PASSWORD", "ROOMID", "TOKEN", "TOKEN_CREATE_TIME", "HEAD_IMG", "COVER_IMG", "EMAIL", "CREATE_TIME", "RTMP_TOKEN", "SEALED", "SEALED_UTIL_TIME", "ALLOW_ANCHOR" from "PUBLIC"."USER_INFO" where "USER_NAME" = 'xueer' [42102-196]
20-02-14 16:17:08.015 DEBUG o.s.t.roomManager.core.UserActor$ - akka://theia/user/userManager/userActor-100029-temp-false 测试房间的房主actor，不处理其他类型的消息msg=CompleteMsgClient
20-02-14 16:17:38.031 DEBUG o.s.t.roomManager.core.UserActor$ - akka://theia/user/userManager/userActor-100029-temp-false 测试房间的房主actor，不处理其他类型的消息msg=CompleteMsgClient
20-02-14 16:18:08.051 DEBUG o.s.t.roomManager.core.UserActor$ - akka://theia/user/userManager/userActor-100029-temp-false 测试房间的房主actor，不处理其他类型的消息msg=CompleteMsgClient
20-02-14 16:18:08.834 ERROR o.s.t.roomManager.http.ServiceUtils$ - internal error: Table "USER_INFO" not found; SQL statement:
select "UID", "USER_NAME", "PASSWORD", "ROOMID", "TOKEN", "TOKEN_CREATE_TIME", "HEAD_IMG", "COVER_IMG", "EMAIL", "CREATE_TIME", "RTMP_TOKEN", "SEALED", "SEALED_UTIL_TIME", "ALLOW_ANCHOR" from "PUBLIC"."USER_INFO" where "EMAIL" = 'haoxue@neotel.com.cn' [42102-196]
20-02-14 16:18:38.073 DEBUG o.s.t.roomManager.core.UserActor$ - akka://theia/user/userManager/userActor-100029-temp-false 测试房间的房主actor，不处理其他类型的消息msg=CompleteMsgClient
20-02-14 16:19:08.094 DEBUG o.s.t.roomManager.core.UserActor$ - akka://theia/user/userManager/userActor-100029-temp-false 测试房间的房主actor，不处理其他类型的消息msg=CompleteMsgClient
20-02-14 16:19:38.116 DEBUG o.s.t.roomManager.core.UserActor$ - akka://theia/user/userManager/userActor-100029-temp-false 测试房间的房主actor，不处理其他类型的消息msg=CompleteMsgClient
20-02-14 16:20:08.135 DEBUG o.s.t.roomManager.core.UserActor$ - akka://theia/user/userManager/userActor-100029-temp-false 测试房间的房主actor，不处理其他类型的消息msg=CompleteMsgClient
20-02-14 16:20:38.155 DEBUG o.s.t.roomManager.core.UserActor$ - akka://theia/user/userManager/userActor-100029-temp-false 测试房间的房主actor，不处理其他类型的消息msg=CompleteMsgClient
20-02-14 16:21:08.176 DEBUG o.s.t.roomManager.core.UserActor$ - akka://theia/user/userManager/userActor-100029-temp-false 测试房间的房主actor，不处理其他类型的消息msg=CompleteMsgClient
20-02-14 16:21:38.198 DEBUG o.s.t.roomManager.core.UserActor$ - akka://theia/user/userManager/userActor-100029-temp-false 测试房间的房主actor，不处理其他类型的消息msg=CompleteMsgClient
20-02-14 16:22:08.217 DEBUG o.s.t.roomManager.core.UserActor$ - akka://theia/user/userManager/userActor-100029-temp-false 测试房间的房主actor，不处理其他类型的消息msg=CompleteMsgClient
20-02-14 16:22:38.239 DEBUG o.s.t.roomManager.core.UserActor$ - akka://theia/user/userManager/userActor-100029-temp-false 测试房间的房主actor，不处理其他类型的消息msg=CompleteMsgClient
20-02-14 16:23:08.260 DEBUG o.s.t.roomManager.core.UserActor$ - akka://theia/user/userManager/userActor-100029-temp-false 测试房间的房主actor，不处理其他类型的消息msg=CompleteMsgClient
20-02-14 16:23:38.279 DEBUG o.s.t.roomManager.core.UserActor$ - akka://theia/user/userManager/userActor-100029-temp-false 测试房间的房主actor，不处理其他类型的消息msg=CompleteMsgClient
20-02-14 16:24:08.301 DEBUG o.s.t.roomManager.core.UserActor$ - akka://theia/user/userManager/userActor-100029-temp-false 测试房间的房主actor，不处理其他类型的消息msg=CompleteMsgClient
20-02-14 16:24:38.320 DEBUG o.s.t.roomManager.core.UserActor$ - akka://theia/user/userManager/userActor-100029-temp-false 测试房间的房主actor，不处理其他类型的消息msg=CompleteMsgClient
20-02-14 16:25:08.341 DEBUG o.s.t.roomManager.core.UserActor$ - akka://theia/user/userManager/userActor-100029-temp-false 测试房间的房主actor，不处理其他类型的消息msg=CompleteMsgClient
20-02-14 16:25:38.362 DEBUG o.s.t.roomManager.core.UserActor$ - akka://theia/user/userManager/userActor-100029-temp-false 测试房间的房主actor，不处理其他类型的消息msg=CompleteMsgClient
20-02-14 16:26:08.383 DEBUG o.s.t.roomManager.core.UserActor$ - akka://theia/user/userManager/userActor-100029-temp-false 测试房间的房主actor，不处理其他类型的消息msg=CompleteMsgClient
20-02-14 16:26:38.404 DEBUG o.s.t.roomManager.core.UserActor$ - akka://theia/user/userManager/userActor-100029-temp-false 测试房间的房主actor，不处理其他类型的消息msg=CompleteMsgClient
20-02-14 16:27:08.425 DEBUG o.s.t.roomManager.core.UserActor$ - akka://theia/user/userManager/userActor-100029-temp-false 测试房间的房主actor，不处理其他类型的消息msg=CompleteMsgClient
20-02-14 16:27:38.445 DEBUG o.s.t.roomManager.core.UserActor$ - akka://theia/user/userManager/userActor-100029-temp-false 测试房间的房主actor，不处理其他类型的消息msg=CompleteMsgClient
20-02-14 16:28:07.274 ERROR o.s.t.roomManager.http.ServiceUtils$ - internal error: Table "USER_INFO" not found; SQL statement:
select "UID", "USER_NAME", "PASSWORD", "ROOMID", "TOKEN", "TOKEN_CREATE_TIME", "HEAD_IMG", "COVER_IMG", "EMAIL", "CREATE_TIME", "RTMP_TOKEN", "SEALED", "SEALED_UTIL_TIME", "ALLOW_ANCHOR" from "PUBLIC"."USER_INFO" where "EMAIL" = 'haoxue@neotel.com.cn' [42102-196]
20-02-14 16:28:08.466 DEBUG o.s.t.roomManager.core.UserActor$ - akka://theia/user/userManager/userActor-100029-temp-false 测试房间的房主actor，不处理其他类型的消息msg=CompleteMsgClient
20-02-14 16:28:38.486 DEBUG o.s.t.roomManager.core.UserActor$ - akka://theia/user/userManager/userActor-100029-temp-false 测试房间的房主actor，不处理其他类型的消息msg=CompleteMsgClient
20-02-14 16:29:08.508 DEBUG o.s.t.roomManager.core.UserActor$ - akka://theia/user/userManager/userActor-100029-temp-false 测试房间的房主actor，不处理其他类型的消息msg=CompleteMsgClient
20-02-14 16:29:38.528 DEBUG o.s.t.roomManager.core.UserActor$ - akka://theia/user/userManager/userActor-100029-temp-false 测试房间的房主actor，不处理其他类型的消息msg=CompleteMsgClient
20-02-14 16:30:08.547 DEBUG o.s.t.roomManager.core.UserActor$ - akka://theia/user/userManager/userActor-100029-temp-false 测试房间的房主actor，不处理其他类型的消息msg=CompleteMsgClient
20-02-14 16:30:38.569 DEBUG o.s.t.roomManager.core.UserActor$ - akka://theia/user/userManager/userActor-100029-temp-false 测试房间的房主actor，不处理其他类型的消息msg=CompleteMsgClient
20-02-14 16:31:08.590 DEBUG o.s.t.roomManager.core.UserActor$ - akka://theia/user/userManager/userActor-100029-temp-false 测试房间的房主actor，不处理其他类型的消息msg=CompleteMsgClient
20-02-14 16:31:38.610 DEBUG o.s.t.roomManager.core.UserActor$ - akka://theia/user/userManager/userActor-100029-temp-false 测试房间的房主actor，不处理其他类型的消息msg=CompleteMsgClient
20-02-14 16:32:08.630 DEBUG o.s.t.roomManager.core.UserActor$ - akka://theia/user/userManager/userActor-100029-temp-false 测试房间的房主actor，不处理其他类型的消息msg=CompleteMsgClient
20-02-14 16:32:38.651 DEBUG o.s.t.roomManager.core.UserActor$ - akka://theia/user/userManager/userActor-100029-temp-false 测试房间的房主actor，不处理其他类型的消息msg=CompleteMsgClient
20-02-14 16:33:08.673 DEBUG o.s.t.roomManager.core.UserActor$ - akka://theia/user/userManager/userActor-100029-temp-false 测试房间的房主actor，不处理其他类型的消息msg=CompleteMsgClient
20-02-14 16:33:38.691 DEBUG o.s.t.roomManager.core.UserActor$ - akka://theia/user/userManager/userActor-100029-temp-false 测试房间的房主actor，不处理其他类型的消息msg=CompleteMsgClient
20-02-14 16:34:08.713 DEBUG o.s.t.roomManager.core.UserActor$ - akka://theia/user/userManager/userActor-100029-temp-false 测试房间的房主actor，不处理其他类型的消息msg=CompleteMsgClient
20-02-14 16:34:38.734 DEBUG o.s.t.roomManager.core.UserActor$ - akka://theia/user/userManager/userActor-100029-temp-false 测试房间的房主actor，不处理其他类型的消息msg=CompleteMsgClient
20-02-14 16:35:08.753 DEBUG o.s.t.roomManager.core.UserActor$ - akka://theia/user/userManager/userActor-100029-temp-false 测试房间的房主actor，不处理其他类型的消息msg=CompleteMsgClient
20-02-14 16:35:38.774 DEBUG o.s.t.roomManager.core.UserActor$ - akka://theia/user/userManager/userActor-100029-temp-false 测试房间的房主actor，不处理其他类型的消息msg=CompleteMsgClient
20-02-14 16:36:08.796 DEBUG o.s.t.roomManager.core.UserActor$ - akka://theia/user/userManager/userActor-100029-temp-false 测试房间的房主actor，不处理其他类型的消息msg=CompleteMsgClient
20-02-14 16:36:38.817 DEBUG o.s.t.roomManager.core.UserActor$ - akka://theia/user/userManager/userActor-100029-temp-false 测试房间的房主actor，不处理其他类型的消息msg=CompleteMsgClient
20-02-14 16:37:06.970 INFO akka.event.slf4j.Slf4jLogger - Slf4jLogger started
20-02-14 16:37:07.051 DEBUG o.s.t.roomManager.core.UserManager$ - RoomManager start...
20-02-14 16:37:07.060 INFO o.s.t.roomManager.core.RoomManager$ - akka://theia/user/roomManager setup
20-02-14 16:37:07.070 DEBUG o.s.t.roomManager.core.RoomManager$ - akka://theia/user/roomManager ---===== None
20-02-14 16:37:07.076 INFO o.s.t.roomManager.core.UserActor$ - userActor-100029 is starting...
20-02-14 16:37:07.079 DEBUG o.s.t.roomManager.core.RoomActor$ - akka://theia/user/roomManager/roomActor-1000029 setup
20-02-14 16:37:34.506 WARN slick.util.AsyncExecutor - Having maxConnection > maxThreads can result in deadlocks if transactions or database locks are used.
20-02-14 16:37:34.722 INFO com.zaxxer.hikari.HikariDataSource - HikariPool-1 - Starting...
20-02-14 16:37:34.859 INFO com.zaxxer.hikari.HikariDataSource - HikariPool-1 - Start completed.
20-02-14 16:37:34.913 DEBUG o.s.t.r.core.RegisterActor$ - RegisterActor_haoxue@neotel.com.cn start...
20-02-14 16:37:34.915 INFO o.s.t.roomManager.core.EmailActor$ - I receive msg:SendConfirmEmail(http://127.0.0.1:30387/theia/roomManager/user/confirmEmail?email=haoxue@neotel.com.cn&code=aXCzHF6J9EqVtjjJhrt9,haoxue@neotel.com.cn)
20-02-14 16:37:34.918 DEBUG o.s.t.r.core.RegisterActor$ - Start timer [TimeoutKey] with generation [1]
20-02-14 16:37:37.101 DEBUG o.s.t.roomManager.core.UserActor$ - akka://theia/user/userManager/userActor-100029-temp-false 测试房间的房主actor，不处理其他类型的消息msg=CompleteMsgClient
20-02-14 16:38:07.120 DEBUG o.s.t.roomManager.core.UserActor$ - akka://theia/user/userManager/userActor-100029-temp-false 测试房间的房主actor，不处理其他类型的消息msg=CompleteMsgClient
20-02-14 16:38:37.141 DEBUG o.s.t.roomManager.core.UserActor$ - akka://theia/user/userManager/userActor-100029-temp-false 测试房间的房主actor，不处理其他类型的消息msg=CompleteMsgClient
20-02-14 16:39:07.161 DEBUG o.s.t.roomManager.core.UserActor$ - akka://theia/user/userManager/userActor-100029-temp-false 测试房间的房主actor，不处理其他类型的消息msg=CompleteMsgClient
20-02-14 16:39:37.180 DEBUG o.s.t.roomManager.core.UserActor$ - akka://theia/user/userManager/userActor-100029-temp-false 测试房间的房主actor，不处理其他类型的消息msg=CompleteMsgClient
20-02-14 16:40:07.200 DEBUG o.s.t.roomManager.core.UserActor$ - akka://theia/user/userManager/userActor-100029-temp-false 测试房间的房主actor，不处理其他类型的消息msg=CompleteMsgClient
20-02-14 16:40:37.222 DEBUG o.s.t.roomManager.core.UserActor$ - akka://theia/user/userManager/userActor-100029-temp-false 测试房间的房主actor，不处理其他类型的消息msg=CompleteMsgClient
20-02-14 16:41:03.975 INFO org.seekloud.theia.roomManager.Boot$ - receive confirmEmail:haoxue@neotel.com.cn, aXCzHF6J9EqVtjjJhrt9
20-02-14 16:41:03.991 DEBUG o.s.t.r.core.RegisterActor$ - Cancel all timers
20-02-14 16:41:03.992 DEBUG o.s.t.r.core.RegisterManager$ - akka://theia/user/registerManager the child registerActor_haoxue@neotel.com.cn dead
20-02-14 16:41:04.007 INFO o.s.t.r.core.RegisterManager$ - RegisterManager 不再监管 RegisterActor_haoxue@neotel.com.cn
20-02-14 16:41:04.007 INFO org.seekloud.theia.roomManager.Boot$ - 注册成功！
20-02-14 16:41:07.242 DEBUG o.s.t.roomManager.core.UserActor$ - akka://theia/user/userManager/userActor-100029-temp-false 测试房间的房主actor，不处理其他类型的消息msg=CompleteMsgClient
20-02-14 16:41:37.264 DEBUG o.s.t.roomManager.core.UserActor$ - akka://theia/user/userManager/userActor-100029-temp-false 测试房间的房主actor，不处理其他类型的消息msg=CompleteMsgClient
20-02-14 16:42:07.286 DEBUG o.s.t.roomManager.core.UserActor$ - akka://theia/user/userManager/userActor-100029-temp-false 测试房间的房主actor，不处理其他类型的消息msg=CompleteMsgClient
20-02-14 16:42:37.306 DEBUG o.s.t.roomManager.core.UserActor$ - akka://theia/user/userManager/userActor-100029-temp-false 测试房间的房主actor，不处理其他类型的消息msg=CompleteMsgClient
20-02-14 16:43:07.326 DEBUG o.s.t.roomManager.core.UserActor$ - akka://theia/user/userManager/userActor-100029-temp-false 测试房间的房主actor，不处理其他类型的消息msg=CompleteMsgClient
20-02-14 16:43:37.346 DEBUG o.s.t.roomManager.core.UserActor$ - akka://theia/user/userManager/userActor-100029-temp-false 测试房间的房主actor，不处理其他类型的消息msg=CompleteMsgClient
20-02-14 16:44:07.368 DEBUG o.s.t.roomManager.core.UserActor$ - akka://theia/user/userManager/userActor-100029-temp-false 测试房间的房主actor，不处理其他类型的消息msg=CompleteMsgClient
20-02-14 16:44:37.387 DEBUG o.s.t.roomManager.core.UserActor$ - akka://theia/user/userManager/userActor-100029-temp-false 测试房间的房主actor，不处理其他类型的消息msg=CompleteMsgClient
20-02-14 16:45:07.410 DEBUG o.s.t.roomManager.core.UserActor$ - akka://theia/user/userManager/userActor-100029-temp-false 测试房间的房主actor，不处理其他类型的消息msg=CompleteMsgClient
20-02-14 16:45:37.429 DEBUG o.s.t.roomManager.core.UserActor$ - akka://theia/user/userManager/userActor-100029-temp-false 测试房间的房主actor，不处理其他类型的消息msg=CompleteMsgClient
20-02-14 16:46:07.450 DEBUG o.s.t.roomManager.core.UserActor$ - akka://theia/user/userManager/userActor-100029-temp-false 测试房间的房主actor，不处理其他类型的消息msg=CompleteMsgClient
20-02-14 16:46:37.471 DEBUG o.s.t.roomManager.core.UserActor$ - akka://theia/user/userManager/userActor-100029-temp-false 测试房间的房主actor，不处理其他类型的消息msg=CompleteMsgClient
20-02-14 16:47:07.491 DEBUG o.s.t.roomManager.core.UserActor$ - akka://theia/user/userManager/userActor-100029-temp-false 测试房间的房主actor，不处理其他类型的消息msg=CompleteMsgClient
20-02-14 16:47:37.512 DEBUG o.s.t.roomManager.core.UserActor$ - akka://theia/user/userManager/userActor-100029-temp-false 测试房间的房主actor，不处理其他类型的消息msg=CompleteMsgClient
20-02-14 16:48:07.531 DEBUG o.s.t.roomManager.core.UserActor$ - akka://theia/user/userManager/userActor-100029-temp-false 测试房间的房主actor，不处理其他类型的消息msg=CompleteMsgClient
20-02-14 16:48:37.553 DEBUG o.s.t.roomManager.core.UserActor$ - akka://theia/user/userManager/userActor-100029-temp-false 测试房间的房主actor，不处理其他类型的消息msg=CompleteMsgClient
20-02-14 16:49:07.573 DEBUG o.s.t.roomManager.core.UserActor$ - akka://theia/user/userManager/userActor-100029-temp-false 测试房间的房主actor，不处理其他类型的消息msg=CompleteMsgClient
20-02-14 16:49:37.593 DEBUG o.s.t.roomManager.core.UserActor$ - akka://theia/user/userManager/userActor-100029-temp-false 测试房间的房主actor，不处理其他类型的消息msg=CompleteMsgClient
20-02-14 16:50:07.614 DEBUG o.s.t.roomManager.core.UserActor$ - akka://theia/user/userManager/userActor-100029-temp-false 测试房间的房主actor，不处理其他类型的消息msg=CompleteMsgClient
20-02-14 16:50:37.636 DEBUG o.s.t.roomManager.core.UserActor$ - akka://theia/user/userManager/userActor-100029-temp-false 测试房间的房主actor，不处理其他类型的消息msg=CompleteMsgClient
20-02-14 16:51:07.654 DEBUG o.s.t.roomManager.core.UserActor$ - akka://theia/user/userManager/userActor-100029-temp-false 测试房间的房主actor，不处理其他类型的消息msg=CompleteMsgClient
20-02-14 16:51:37.675 DEBUG o.s.t.roomManager.core.UserActor$ - akka://theia/user/userManager/userActor-100029-temp-false 测试房间的房主actor，不处理其他类型的消息msg=CompleteMsgClient
20-02-14 16:52:07.697 DEBUG o.s.t.roomManager.core.UserActor$ - akka://theia/user/userManager/userActor-100029-temp-false 测试房间的房主actor，不处理其他类型的消息msg=CompleteMsgClient
20-02-14 16:52:12.967 INFO org.seekloud.theia.roomManager.Boot$ - 1 login success
20-02-14 16:52:37.717 DEBUG o.s.t.roomManager.core.UserActor$ - akka://theia/user/userManager/userActor-100029-temp-false 测试房间的房主actor，不处理其他类型的消息msg=CompleteMsgClient
20-02-14 16:52:59.131 DEBUG o.s.t.roomManager.core.UserManager$ - akka://theia/user/userManager ws start
20-02-14 16:52:59.133 INFO o.s.t.roomManager.core.UserManager$ - akka://theia/user/userManager websocket will setup for user:1
20-02-14 16:52:59.133 INFO o.s.t.roomManager.core.UserActor$ - userActor-1 is starting...
20-02-14 16:52:59.144 DEBUG o.s.t.roomManager.core.UserActor$ - Start timer [BehaviorChangeKey] with generation [1]
20-02-14 16:53:07.737 DEBUG o.s.t.roomManager.core.UserActor$ - akka://theia/user/userManager/userActor-100029-temp-false 测试房间的房主actor，不处理其他类型的消息msg=CompleteMsgClient
20-02-14 16:53:37.758 DEBUG o.s.t.roomManager.core.UserActor$ - akka://theia/user/userManager/userActor-100029-temp-false 测试房间的房主actor，不处理其他类型的消息msg=CompleteMsgClient
20-02-14 16:54:07.781 DEBUG o.s.t.roomManager.core.UserActor$ - akka://theia/user/userManager/userActor-100029-temp-false 测试房间的房主actor，不处理其他类型的消息msg=CompleteMsgClient
20-02-14 16:54:37.799 DEBUG o.s.t.roomManager.core.UserActor$ - akka://theia/user/userManager/userActor-100029-temp-false 测试房间的房主actor，不处理其他类型的消息msg=CompleteMsgClient
20-02-14 16:55:07.820 DEBUG o.s.t.roomManager.core.UserActor$ - akka://theia/user/userManager/userActor-100029-temp-false 测试房间的房主actor，不处理其他类型的消息msg=CompleteMsgClient
20-02-14 16:55:12.049 DEBUG o.s.t.roomManager.core.UserManager$ - akka://theia/user/userManager ws start
20-02-14 16:55:12.050 INFO o.s.t.roomManager.core.UserManager$ - akka://theia/user/userManager websocket will setup for user:1
20-02-14 16:55:12.050 DEBUG o.s.t.roomManager.core.UserManager$ - akka://theia/user/userManager setup websocket error:该账户已经登录userId=1,temporary=false
20-02-14 16:55:12.050 DEBUG org.seekloud.theia.roomManager.Boot$ - 建立websocket失败，userId=1,token=VxIc3L5vkrABAnVpVs7OXVh1VWbJShagQo7WSGnq
20-02-14 16:55:37.841 DEBUG o.s.t.roomManager.core.UserActor$ - akka://theia/user/userManager/userActor-100029-temp-false 测试房间的房主actor，不处理其他类型的消息msg=CompleteMsgClient
20-02-14 16:56:07.862 DEBUG o.s.t.roomManager.core.UserActor$ - akka://theia/user/userManager/userActor-100029-temp-false 测试房间的房主actor，不处理其他类型的消息msg=CompleteMsgClient
20-02-14 16:56:37.884 DEBUG o.s.t.roomManager.core.UserActor$ - akka://theia/user/userManager/userActor-100029-temp-false 测试房间的房主actor，不处理其他类型的消息msg=CompleteMsgClient
20-02-14 16:57:07.905 DEBUG o.s.t.roomManager.core.UserActor$ - akka://theia/user/userManager/userActor-100029-temp-false 测试房间的房主actor，不处理其他类型的消息msg=CompleteMsgClient
20-02-14 16:57:37.925 DEBUG o.s.t.roomManager.core.UserActor$ - akka://theia/user/userManager/userActor-100029-temp-false 测试房间的房主actor，不处理其他类型的消息msg=CompleteMsgClient
20-02-14 16:57:59.165 DEBUG o.s.t.roomManager.core.UserActor$ - userActor-1-temp-false is time out when busy, msg=busy
20-02-14 16:57:59.166 DEBUG o.s.t.roomManager.core.UserActor$ - Cancel all timers
20-02-14 16:57:59.167 DEBUG o.s.t.roomManager.core.UserManager$ - akka://theia/user/userManager the child = List(Actor[akka://theia/user/userManager/userActor-100029-temp-false#-1505302354])
20-02-14 16:58:07.946 DEBUG o.s.t.roomManager.core.UserActor$ - akka://theia/user/userManager/userActor-100029-temp-false 测试房间的房主actor，不处理其他类型的消息msg=CompleteMsgClient
20-02-14 16:58:33.267 DEBUG o.s.t.roomManager.core.UserManager$ - akka://theia/user/userManager ws start
20-02-14 16:58:33.267 INFO o.s.t.roomManager.core.UserManager$ - akka://theia/user/userManager websocket will setup for user:1
20-02-14 16:58:33.267 INFO o.s.t.roomManager.core.UserActor$ - userActor-1 is starting...
20-02-14 16:58:33.271 DEBUG o.s.t.roomManager.core.UserActor$ - Start timer [BehaviorChangeKey] with generation [1]
20-02-14 16:58:37.965 DEBUG o.s.t.roomManager.core.UserActor$ - akka://theia/user/userManager/userActor-100029-temp-false 测试房间的房主actor，不处理其他类型的消息msg=CompleteMsgClient
20-02-14 16:59:07.985 DEBUG o.s.t.roomManager.core.UserActor$ - akka://theia/user/userManager/userActor-100029-temp-false 测试房间的房主actor，不处理其他类型的消息msg=CompleteMsgClient
20-02-14 16:59:38.008 DEBUG o.s.t.roomManager.core.UserActor$ - akka://theia/user/userManager/userActor-100029-temp-false 测试房间的房主actor，不处理其他类型的消息msg=CompleteMsgClient
20-02-14 17:00:08.028 DEBUG o.s.t.roomManager.core.UserActor$ - akka://theia/user/userManager/userActor-100029-temp-false 测试房间的房主actor，不处理其他类型的消息msg=CompleteMsgClient
20-02-14 17:00:38.049 DEBUG o.s.t.roomManager.core.UserActor$ - akka://theia/user/userManager/userActor-100029-temp-false 测试房间的房主actor，不处理其他类型的消息msg=CompleteMsgClient
20-02-14 17:01:08.068 DEBUG o.s.t.roomManager.core.UserActor$ - akka://theia/user/userManager/userActor-100029-temp-false 测试房间的房主actor，不处理其他类型的消息msg=CompleteMsgClient
20-02-14 17:01:29.555 DEBUG o.s.t.roomManager.core.UserManager$ - akka://theia/user/userManager ws start
20-02-14 17:01:29.555 INFO o.s.t.roomManager.core.UserManager$ - akka://theia/user/userManager websocket will setup for user:1
20-02-14 17:01:29.556 DEBUG o.s.t.roomManager.core.UserManager$ - akka://theia/user/userManager setup websocket error:该账户已经登录userId=1,temporary=false
20-02-14 17:01:29.556 DEBUG org.seekloud.theia.roomManager.Boot$ - 建立websocket失败，userId=1,token=VxIc3L5vkrABAnVpVs7OXVh1VWbJShagQo7WSGnq
20-02-14 17:01:38.090 DEBUG o.s.t.roomManager.core.UserActor$ - akka://theia/user/userManager/userActor-100029-temp-false 测试房间的房主actor，不处理其他类型的消息msg=CompleteMsgClient
20-02-14 17:02:08.110 DEBUG o.s.t.roomManager.core.UserActor$ - akka://theia/user/userManager/userActor-100029-temp-false 测试房间的房主actor，不处理其他类型的消息msg=CompleteMsgClient
20-02-14 17:02:38.131 DEBUG o.s.t.roomManager.core.UserActor$ - akka://theia/user/userManager/userActor-100029-temp-false 测试房间的房主actor，不处理其他类型的消息msg=CompleteMsgClient
20-02-14 17:03:08.150 DEBUG o.s.t.roomManager.core.UserActor$ - akka://theia/user/userManager/userActor-100029-temp-false 测试房间的房主actor，不处理其他类型的消息msg=CompleteMsgClient
20-02-14 17:03:33.292 DEBUG o.s.t.roomManager.core.UserActor$ - userActor-1-temp-false is time out when busy, msg=busy
20-02-14 17:03:33.292 DEBUG o.s.t.roomManager.core.UserActor$ - Cancel all timers
20-02-14 17:03:33.293 DEBUG o.s.t.roomManager.core.UserManager$ - akka://theia/user/userManager the child = List(Actor[akka://theia/user/userManager/userActor-100029-temp-false#-1505302354])
